Placement: [1, 2, 3]
size of micro-batches = 1, end-to-end execution time = 44.33482766151428 s
size of micro-batches = 2, end-to-end execution time = 47.745681047439575 s
size of micro-batches = 4, end-to-end execution time = 86.8833634853363 s
size of micro-batches = 8, end-to-end execution time = 96.22552299499512 s
Placement: [1, 1, 2, 3]
size of micro-batches = 1, end-to-end execution time = 43.90677547454834 s
size of micro-batches = 2, end-to-end execution time = 47.01959276199341 s
size of micro-batches = 4, end-to-end execution time = 73.63794612884521 s
size of micro-batches = 8, end-to-end execution time = 86.15965104103088 s
Placement: [1, 1, 2, 2, 3]
size of micro-batches = 1, end-to-end execution time = 46.1474506855011 s
size of micro-batches = 2, end-to-end execution time = 43.382391691207886 s
size of micro-batches = 4, end-to-end execution time = 58.70417046546936 s
size of micro-batches = 8, end-to-end execution time = 70.41026043891907 s
Placement: [1, 1, 2, 2, 3, 3]
size of micro-batches = 1, end-to-end execution time = 39.06769418716431 s
size of micro-batches = 2, end-to-end execution time = 42.54114317893982 s
size of micro-batches = 4, end-to-end execution time = 60.71061182022095 s
size of micro-batches = 8, end-to-end execution time = 70.69329690933228 s
